Using pre-set license
Built from '6000.0/staging' branch; Version is '6000.0.24f1 (11fa355cd605) revision 1178165'; Using compiler version '193933523'; Build Type 'Release'
OS: 'Windows 11  (10.0.26100) 64bit Core' Language: 'en' Physical Memory: 16024 MB
BatchMode: 1, IsHumanControllingUs: 0, StartBugReporterOnCrash: 0, Is64bit: 1, IsPro: 1

COMMAND LINE ARGUMENTS:
C:\Program Files\Unity\Hub\Editor\6000.0.24f1\Editor\Unity.exe
-adb2
-batchMode
-noUpm
-name
AssetImportWorker2
-projectPath
C:/Users/siken/Desktop/Projects/Electricity
-logFile
Logs/AssetImportWorker2.log
-srvPort
49808
-job-worker-count
5
-background-job-worker-count
8
-asset-garbage-collectors
1
Successfully changed project path to: C:/Users/siken/Desktop/Projects/Electricity
C:/Users/siken/Desktop/Projects/Electricity
[UnityMemory] Configuration Parameters - Can be set up in boot.config
    "memorysetup-bucket-allocator-granularity=16"
    "memorysetup-bucket-allocator-bucket-count=8"
    "memorysetup-bucket-allocator-block-size=33554432"
    "memorysetup-bucket-allocator-block-count=8"
    "memorysetup-main-allocator-block-size=16777216"
    "memorysetup-thread-allocator-block-size=16777216"
    "memorysetup-gfx-main-allocator-block-size=16777216"
    "memorysetup-gfx-thread-allocator-block-size=16777216"
    "memorysetup-cache-allocator-block-size=4194304"
    "memorysetup-typetree-allocator-block-size=2097152"
    "memorysetup-profiler-bucket-allocator-granularity=16"
    "memorysetup-profiler-bucket-allocator-bucket-count=8"
    "memorysetup-profiler-bucket-allocator-block-size=33554432"
    "memorysetup-profiler-bucket-allocator-block-count=8"
    "memorysetup-profiler-allocator-block-size=16777216"
    "memorysetup-profiler-editor-allocator-block-size=1048576"
    "memorysetup-temp-allocator-size-main=16777216"
    "memorysetup-job-temp-allocator-block-size=2097152"
    "memorysetup-job-temp-allocator-block-size-background=1048576"
    "memorysetup-job-temp-allocator-reduction-small-platforms=262144"
    "memorysetup-allocator-temp-initial-block-size-main=262144"
    "memorysetup-allocator-temp-initial-block-size-worker=262144"
    "memorysetup-temp-allocator-size-background-worker=32768"
    "memorysetup-temp-allocator-size-job-worker=262144"
    "memorysetup-temp-allocator-size-preload-manager=33554432"
    "memorysetup-temp-allocator-size-nav-mesh-worker=65536"
    "memorysetup-temp-allocator-size-audio-worker=65536"
    "memorysetup-temp-allocator-size-cloud-worker=32768"
    "memorysetup-temp-allocator-size-gi-baking-worker=262144"
    "memorysetup-temp-allocator-size-gi-baking-worker=262144"
    "memorysetup-temp-allocator-size-gi-baking-worker=262144"
    "memorysetup-temp-allocator-size-gi-baking-worker=262144"
    "memorysetup-temp-allocator-size-gi-baking-worker=262144"
    "memorysetup-temp-allocator-size-gfx=262144"
Player connection [20756]  Target information:

Player connection [20756]  * "[IP] 192.168.100.11 [Port] 0 [Flags] 2 [Guid] 787866262 [EditorId] 787866262 [Version] 1048832 [Id] WindowsEditor(7,S-HP) [Debug] 1 [PackageName] WindowsEditor [ProjectName] Editor" 

Player connection [20756] Host joined multi-casting on [225.0.0.222:54997]...
Player connection [20756] Host joined alternative multi-casting on [225.0.0.222:34997]...
JobSystem: Creating JobQueue using job-worker-count value 5
[Physics::Module] Initialized fallback backend.
[Physics::Module] Id: 0xdecafbad
Library Redirect Path: Library/
[Physics::Module] Selected backend.
[Physics::Module] Name: PhysX
[Physics::Module] Id: 0xf2b8ea05
[Physics::Module] SDK Version: 4.1.2
[Physics::Module] Integration Version: 1.0.0
[Physics::Module] Threading Mode: Multi-Threaded
Refreshing native plugins compatible for Editor in 2.95 ms, found 4 plugins.
Preloading 0 native plugins for Editor in 0.00 ms.
Initialize engine version: 6000.0.24f1 (11fa355cd605)
[Subsystems] Discovering subsystems at path C:/Program Files/Unity/Hub/Editor/6000.0.24f1/Editor/Data/Resources/UnitySubsystems
[Subsystems] Discovering subsystems at path C:/Users/siken/Desktop/Projects/Electricity/Assets
GfxDevice: creating device client; kGfxThreadingModeNonThreaded
Direct3D:
    Version:  Direct3D 11.0 [level 11.1]
    Renderer: NVIDIA GeForce RTX 3050 6GB Laptop GPU (ID=0x25ac)
    Vendor:   NVIDIA
    VRAM:     6002 MB
    Driver:   32.0.15.6119
Initialize mono
Mono path[0] = 'C:/Program Files/Unity/Hub/Editor/6000.0.24f1/Editor/Data/Managed'
Mono path[1] = 'C:/Program Files/Unity/Hub/Editor/6000.0.24f1/Editor/Data/MonoBleedingEdge/lib/mono/unityjit-win32'
Mono config path = 'C:/Program Files/Unity/Hub/Editor/6000.0.24f1/Editor/Data/MonoBleedingEdge/etc'
Using monoOptions --debugger-agent=transport=dt_socket,embedding=1,server=y,suspend=n,address=127.0.0.1:56172
Begin MonoManager ReloadAssembly
Registering precompiled unity dll's ...
Register platform support module: C:/Program Files/Unity/Hub/Editor/6000.0.24f1/Editor/Data/PlaybackEngines/WebGLSupport/UnityEditor.WebGL.Extensions.dll
Register platform support module: C:/Program Files/Unity/Hub/Editor/6000.0.24f1/Editor/Data/PlaybackEngines/WindowsStandaloneSupport/UnityEditor.WindowsStandalone.Extensions.dll
Register platform support module: C:/Program Files/Unity/Hub/Editor/6000.0.24f1/Editor/Data/PlaybackEngines/MetroSupport/UnityEditor.UWP.Extensions.dll
Register platform support module: C:/Program Files/Unity/Hub/Editor/6000.0.24f1/Editor/Data/PlaybackEngines/AndroidPlayer/UnityEditor.Android.Extensions.dll
Register platform support module: C:/Program Files/Unity/Hub/Editor/6000.0.24f1/Editor/Data/PlaybackEngines/iOSSupport/UnityEditor.iOS.Extensions.dll
Registered in 0.005625 seconds.
- Loaded All Assemblies, in  0.438 seconds
[usbmuxd] Start listen thread
[usbmuxd] Listen thread started
Native extension for iOS target not found
Native extension for Android target not found
Android Extension - Scanning For ADB Devices 510 ms
Native extension for UWP target not found
Native extension for WindowsStandalone target not found
Native extension for WebGL target not found
Mono: successfully reloaded assembly
- Finished resetting the current domain, in  1.131 seconds
Domain Reload Profiling: 1568ms
	BeginReloadAssembly (149ms)
		ExecutionOrderSort (0ms)
		DisableScriptedObjects (0ms)
		BackupInstance (0ms)
		ReleaseScriptingObjects (0ms)
		CreateAndSetChildDomain (1ms)
	RebuildCommonClasses (41ms)
	RebuildNativeTypeToScriptingClass (12ms)
	initialDomainReloadingComplete (54ms)
	LoadAllAssembliesAndSetupDomain (180ms)
		LoadAssemblies (148ms)
		RebuildTransferFunctionScriptingTraits (0ms)
		AnalyzeDomain (176ms)
			TypeCache.Refresh (174ms)
				TypeCache.ScanAssembly (161ms)
			BuildScriptInfoCaches (0ms)
			ResolveRequiredComponents (0ms)
	FinalizeReload (1132ms)
		ReleaseScriptCaches (0ms)
		RebuildScriptCaches (0ms)
		SetupLoadedEditorAssemblies (1073ms)
			LogAssemblyErrors (0ms)
			InitializePlatformSupportModulesInManaged (639ms)
			SetLoadedEditorAssemblies (6ms)
			BeforeProcessingInitializeOnLoad (12ms)
			ProcessInitializeOnLoadAttributes (266ms)
			ProcessInitializeOnLoadMethodAttributes (112ms)
			AfterProcessingInitializeOnLoad (36ms)
			EditorAssembliesLoaded (0ms)
		ExecutionOrderSort2 (0ms)
		AwakeInstancesAfterBackupRestoration (0ms)
========================================================================
Worker process is ready to serve import requests
Import Worker Mode flag is 0x00
Begin MonoManager ReloadAssembly
- Loaded All Assemblies, in  1.384 seconds
Refreshing native plugins compatible for Editor in 2.29 ms, found 4 plugins.
Native extension for iOS target not found
Native extension for Android target not found
Native extension for UWP target not found
Native extension for WindowsStandalone target not found
Native extension for WebGL target not found
Mono: successfully reloaded assembly
- Finished resetting the current domain, in  1.233 seconds
Domain Reload Profiling: 2610ms
	BeginReloadAssembly (541ms)
		ExecutionOrderSort (0ms)
		DisableScriptedObjects (8ms)
		BackupInstance (0ms)
		ReleaseScriptingObjects (0ms)
		CreateAndSetChildDomain (47ms)
	RebuildCommonClasses (59ms)
	RebuildNativeTypeToScriptingClass (15ms)
	initialDomainReloadingComplete (61ms)
	LoadAllAssembliesAndSetupDomain (701ms)
		LoadAssemblies (518ms)
		RebuildTransferFunctionScriptingTraits (0ms)
		AnalyzeDomain (329ms)
			TypeCache.Refresh (229ms)
				TypeCache.ScanAssembly (210ms)
			BuildScriptInfoCaches (82ms)
			ResolveRequiredComponents (15ms)
	FinalizeReload (1233ms)
		ReleaseScriptCaches (0ms)
		RebuildScriptCaches (0ms)
		SetupLoadedEditorAssemblies (865ms)
			LogAssemblyErrors (0ms)
			InitializePlatformSupportModulesInManaged (30ms)
			SetLoadedEditorAssemblies (6ms)
			BeforeProcessingInitializeOnLoad (119ms)
			ProcessInitializeOnLoadAttributes (583ms)
			ProcessInitializeOnLoadMethodAttributes (119ms)
			AfterProcessingInitializeOnLoad (7ms)
			EditorAssembliesLoaded (0ms)
		ExecutionOrderSort2 (0ms)
		AwakeInstancesAfterBackupRestoration (5ms)
Launched and connected shader compiler UnityShaderCompiler.exe after 0.03 seconds
Refreshing native plugins compatible for Editor in 1.45 ms, found 4 plugins.
Preloading 0 native plugins for Editor in 0.00 ms.
Unloading 220 Unused Serialized files (Serialized files now loaded: 0)
Unloading 6605 unused Assets / (3.9 MB). Loaded Objects now: 7400.
Memory consumption went from 206.2 MB to 202.3 MB.
Total: 8.899100 ms (FindLiveObjects: 0.769000 ms CreateObjectMapping: 0.433900 ms MarkObjects: 5.310300 ms  DeleteObjects: 2.383400 ms)

========================================================================
Received Import Request.
  Time since last request: 377.673757 seconds.
  path: Assets/TextMesh Pro/Examples & Extras/Fonts/Roboto-Bold.ttf
  artifactKey: Guid(4beb055f07aaff244873dec698d0363e) Importer(815301076,1909f56bfc062723c751e8b465ee728b)
Start importing Assets/TextMesh Pro/Examples & Extras/Fonts/Roboto-Bold.ttf using Guid(4beb055f07aaff244873dec698d0363e) Importer(815301076,1909f56bfc062723c751e8b465ee728b) (PreviewImporter) -> (artifact id: 'adfa60dff8f243315e1a098e6f8be5be') in 0.6238439 seconds
Number of updated asset objects reloaded before import = 0Number of asset objects unloaded after import = 4

========================================================================
Received Import Request.
  Time since last request: 0.000045 seconds.
  path: Assets/TextMesh Pro/Examples & Extras/Fonts/Bangers.ttf
  artifactKey: Guid(5dd49b3eacc540408c98eee0de38e0f1) Importer(815301076,1909f56bfc062723c751e8b465ee728b)
Start importing Assets/TextMesh Pro/Examples & Extras/Fonts/Bangers.ttf using Guid(5dd49b3eacc540408c98eee0de38e0f1) Importer(815301076,1909f56bfc062723c751e8b465ee728b) (PreviewImporter) -> (artifact id: '039c0487935db0d6c9ee2393048e5ae0') in 0.0134532 seconds
Number of updated asset objects reloaded before import = 0Number of asset objects unloaded after import = 4

========================================================================
Received Import Request.
  Time since last request: 0.000034 seconds.
  path: Assets/TextMesh Pro/Examples & Extras/Fonts/Anton.ttf
  artifactKey: Guid(997a43b767814dd0a7642ec9b78cba41) Importer(815301076,1909f56bfc062723c751e8b465ee728b)
Start importing Assets/TextMesh Pro/Examples & Extras/Fonts/Anton.ttf using Guid(997a43b767814dd0a7642ec9b78cba41) Importer(815301076,1909f56bfc062723c751e8b465ee728b) (PreviewImporter) -> (artifact id: '37602d6f48a77e0cb9995d34da508509') in 0.01184 seconds
Number of updated asset objects reloaded before import = 0Number of asset objects unloaded after import = 4

========================================================================
Received Import Request.
  Time since last request: 3.542060 seconds.
  path: Assets/Particles/Materials/Emoticons/angry.mat
  artifactKey: Guid(9f34070364e48d24297908866dd6762f) Importer(815301076,1909f56bfc062723c751e8b465ee728b)
Start importing Assets/Particles/Materials/Emoticons/angry.mat using Guid(9f34070364e48d24297908866dd6762f) Importer(815301076,1909f56bfc062723c751e8b465ee728b) (PreviewImporter) -> (artifact id: '831e94d16b6a92dbef43fc1cd753ff44') in 0.2602704 seconds
Number of updated asset objects reloaded before import = 0Number of asset objects unloaded after import = 2

========================================================================
Received Import Request.
  Time since last request: 0.000030 seconds.
  path: Assets/Particles/Materials/Magic/aura_vertical.mat
  artifactKey: Guid(a3706764c40746746934f5d22917b0a1) Importer(815301076,1909f56bfc062723c751e8b465ee728b)
Start importing Assets/Particles/Materials/Magic/aura_vertical.mat using Guid(a3706764c40746746934f5d22917b0a1) Importer(815301076,1909f56bfc062723c751e8b465ee728b) (PreviewImporter) -> (artifact id: '2b28331b7a8063a45110de90e9272873') in 0.0515591 seconds
Number of updated asset objects reloaded before import = 0Number of asset objects unloaded after import = 2

========================================================================
Received Import Request.
  Time since last request: 0.000058 seconds.
  path: Assets/Particles/Materials/Bubbles/bubble.mat
  artifactKey: Guid(c558d3db6ef748d459bd3c8a39c16607) Importer(815301076,1909f56bfc062723c751e8b465ee728b)
Start importing Assets/Particles/Materials/Bubbles/bubble.mat using Guid(c558d3db6ef748d459bd3c8a39c16607) Importer(815301076,1909f56bfc062723c751e8b465ee728b) (PreviewImporter) -> (artifact id: 'e6d27ef3801f6b9e36c2d0c9710f2152') in 0.0558336 seconds
Number of updated asset objects reloaded before import = 0Number of asset objects unloaded after import = 2

========================================================================
Received Import Request.
  Time since last request: 0.000038 seconds.
  path: Assets/TextMesh Pro/Examples & Extras/Resources/Fonts & Materials/Anton SDF - Sunny Days.mat
  artifactKey: Guid(6522f30e342599e4e9dd4cc2cc03c830) Importer(815301076,1909f56bfc062723c751e8b465ee728b)
Start importing Assets/TextMesh Pro/Examples & Extras/Resources/Fonts & Materials/Anton SDF - Sunny Days.mat using Guid(6522f30e342599e4e9dd4cc2cc03c830) Importer(815301076,1909f56bfc062723c751e8b465ee728b) (PreviewImporter) -> (artifact id: '87884b9d13d9a10949013bb9764519c4') in 0.2046065 seconds
Number of updated asset objects reloaded before import = 0Number of asset objects unloaded after import = 4

========================================================================
Received Import Request.
  Time since last request: 0.000040 seconds.
  path: Assets/Particles/Materials/Bubbles/bubble2.mat
  artifactKey: Guid(631ae8263369c8f488b47ca935f1e486) Importer(815301076,1909f56bfc062723c751e8b465ee728b)
Start importing Assets/Particles/Materials/Bubbles/bubble2.mat using Guid(631ae8263369c8f488b47ca935f1e486) Importer(815301076,1909f56bfc062723c751e8b465ee728b) (PreviewImporter) -> (artifact id: '3642deaa88d26ef41d79a1d71236b4e6') in 0.028441 seconds
Number of updated asset objects reloaded before import = 0Number of asset objects unloaded after import = 2

========================================================================
Received Import Request.
  Time since last request: 0.000048 seconds.
  path: Assets/Particles/Materials/Fire/candle_soft.mat
  artifactKey: Guid(fa8a93d50e2f83b428d329d3aea4da8b) Importer(815301076,1909f56bfc062723c751e8b465ee728b)
Start importing Assets/Particles/Materials/Fire/candle_soft.mat using Guid(fa8a93d50e2f83b428d329d3aea4da8b) Importer(815301076,1909f56bfc062723c751e8b465ee728b) (PreviewImporter) -> (artifact id: '988c3abf548adb4a09d00a924d0b357c') in 0.0272569 seconds
Number of updated asset objects reloaded before import = 0Number of asset objects unloaded after import = 2

========================================================================
Received Import Request.
  Time since last request: 0.000027 seconds.
  path: Assets/Particles/Materials/Magic/aura_slam.mat
  artifactKey: Guid(8d784517dc53a6f48a9ae9297190962d) Importer(815301076,1909f56bfc062723c751e8b465ee728b)
Start importing Assets/Particles/Materials/Magic/aura_slam.mat using Guid(8d784517dc53a6f48a9ae9297190962d) Importer(815301076,1909f56bfc062723c751e8b465ee728b) (PreviewImporter) -> (artifact id: '01383b137d3c627ab0af327c9734707c') in 0.0264232 seconds
Number of updated asset objects reloaded before import = 0Number of asset objects unloaded after import = 2

========================================================================
Received Import Request.
  Time since last request: 0.000051 seconds.
  path: Assets/Particles/Materials/Emoticons/bigsmile.mat
  artifactKey: Guid(5691aad654871084bb7f84be6dc98391) Importer(815301076,1909f56bfc062723c751e8b465ee728b)
Start importing Assets/Particles/Materials/Emoticons/bigsmile.mat using Guid(5691aad654871084bb7f84be6dc98391) Importer(815301076,1909f56bfc062723c751e8b465ee728b) (PreviewImporter) -> (artifact id: '6d3a2a7e1855e5a6d12f0bc727087757') in 0.0239784 seconds
Number of updated asset objects reloaded before import = 0Number of asset objects unloaded after import = 2

========================================================================
Received Import Request.
  Time since last request: 2.294631 seconds.
  path: Assets/Particles/Materials/Geometric/circlecurve.mat
  artifactKey: Guid(e9edc2d464bda70448a5f572f7c7d5be) Importer(815301076,1909f56bfc062723c751e8b465ee728b)
Start importing Assets/Particles/Materials/Geometric/circlecurve.mat using Guid(e9edc2d464bda70448a5f572f7c7d5be) Importer(815301076,1909f56bfc062723c751e8b465ee728b) (PreviewImporter) -> (artifact id: 'a287430dbeb2a9ae49af9033e44cc8d1') in 0.0332934 seconds
Number of updated asset objects reloaded before import = 0Number of asset objects unloaded after import = 2

========================================================================
Received Import Request.
  Time since last request: 0.000030 seconds.
  path: Assets/Particles/Materials/Clouds/cloud_2x2_hard.mat
  artifactKey: Guid(d386c5d9fb941e845b73fe6da5491ef2) Importer(815301076,1909f56bfc062723c751e8b465ee728b)
Start importing Assets/Particles/Materials/Clouds/cloud_2x2_hard.mat using Guid(d386c5d9fb941e845b73fe6da5491ef2) Importer(815301076,1909f56bfc062723c751e8b465ee728b) (PreviewImporter) -> (artifact id: 'f6081e4c56dfee925ec3cf66634601e5') in 0.0287857 seconds
Number of updated asset objects reloaded before import = 0Number of asset objects unloaded after import = 2

========================================================================
Received Import Request.
  Time since last request: 0.000026 seconds.
  path: Assets/Particles/Materials/Confetti/confetti_blur.mat
  artifactKey: Guid(fc4293af39df9df4ca4f1aab29b95913) Importer(815301076,1909f56bfc062723c751e8b465ee728b)
Start importing Assets/Particles/Materials/Confetti/confetti_blur.mat using Guid(fc4293af39df9df4ca4f1aab29b95913) Importer(815301076,1909f56bfc062723c751e8b465ee728b) (PreviewImporter) -> (artifact id: '0aa63b46e8f12f4b4fdf384daec37710') in 0.0325945 seconds
Number of updated asset objects reloaded before import = 0Number of asset objects unloaded after import = 2

========================================================================
Received Import Request.
  Time since last request: 0.000019 seconds.
  path: Assets/Particles/Demo/Materials/devcrate.mat
  artifactKey: Guid(d1b64f020fe63804093ef05cc53dd7d1) Importer(815301076,1909f56bfc062723c751e8b465ee728b)
Start importing Assets/Particles/Demo/Materials/devcrate.mat using Guid(d1b64f020fe63804093ef05cc53dd7d1) Importer(815301076,1909f56bfc062723c751e8b465ee728b) (PreviewImporter) -> (artifact id: '22c4631e7995218a4e948dba6615a038') in 0.0461243 seconds
Number of updated asset objects reloaded before import = 0Number of asset objects unloaded after import = 2

========================================================================
Received Import Request.
  Time since last request: 0.000026 seconds.
  path: Assets/Particles/Demo/Materials/dev_half.mat
  artifactKey: Guid(71ad8ec8c8649bc47bb009bf8f6acd38) Importer(815301076,1909f56bfc062723c751e8b465ee728b)
Start importing Assets/Particles/Demo/Materials/dev_half.mat using Guid(71ad8ec8c8649bc47bb009bf8f6acd38) Importer(815301076,1909f56bfc062723c751e8b465ee728b) (PreviewImporter) -> (artifact id: 'b8c7daf8ad6043e5604dcbce70f055c3') in 0.0250676 seconds
Number of updated asset objects reloaded before import = 0Number of asset objects unloaded after import = 2

========================================================================
Received Import Request.
  Time since last request: 0.000034 seconds.
  path: Assets/Particles/Materials/Misc/explosion_spritesheet_2x2.mat
  artifactKey: Guid(4c750fbc95c4cde4fa7c0d3bf1d74e73) Importer(815301076,1909f56bfc062723c751e8b465ee728b)
Start importing Assets/Particles/Materials/Misc/explosion_spritesheet_2x2.mat using Guid(4c750fbc95c4cde4fa7c0d3bf1d74e73) Importer(815301076,1909f56bfc062723c751e8b465ee728b) (PreviewImporter) -> (artifact id: 'cadb12fd02f76a36e13c58e23797587a') in 0.027575 seconds
Number of updated asset objects reloaded before import = 0Number of asset objects unloaded after import = 2

========================================================================
Received Import Request.
  Time since last request: 0.000039 seconds.
  path: Assets/Particles/Materials/Fire/fire_soft.mat
  artifactKey: Guid(f527801e80dd0814a9d5d318dbd03d69) Importer(815301076,1909f56bfc062723c751e8b465ee728b)
Start importing Assets/Particles/Materials/Fire/fire_soft.mat using Guid(f527801e80dd0814a9d5d318dbd03d69) Importer(815301076,1909f56bfc062723c751e8b465ee728b) (PreviewImporter) -> (artifact id: '3d104166d5cd0b00b5026bcaa304afae') in 0.0406472 seconds
Number of updated asset objects reloaded before import = 0Number of asset objects unloaded after import = 2

========================================================================
Received Import Request.
  Time since last request: 0.000031 seconds.
  path: Assets/Particles/Materials/Confetti/confetti.mat
  artifactKey: Guid(3625342a449601544b410357b8e7f201) Importer(815301076,1909f56bfc062723c751e8b465ee728b)
Start importing Assets/Particles/Materials/Confetti/confetti.mat using Guid(3625342a449601544b410357b8e7f201) Importer(815301076,1909f56bfc062723c751e8b465ee728b) (PreviewImporter) -> (artifact id: 'ffa5989063c0061d596f7c8e52cbf7fa') in 0.0234166 seconds
Number of updated asset objects reloaded before import = 0Number of asset objects unloaded after import = 2

========================================================================
Received Import Request.
  Time since last request: 0.000026 seconds.
  path: Assets/Particles/Materials/Emoticons/cry.mat
  artifactKey: Guid(c98e44ac41ae3d541863cc2a3dc1596b) Importer(815301076,1909f56bfc062723c751e8b465ee728b)
Start importing Assets/Particles/Materials/Emoticons/cry.mat using Guid(c98e44ac41ae3d541863cc2a3dc1596b) Importer(815301076,1909f56bfc062723c751e8b465ee728b) (PreviewImporter) -> (artifact id: '9d31ad4eb5eebe4ed6b23ddc8c543ba1') in 0.0282391 seconds
Number of updated asset objects reloaded before import = 0Number of asset objects unloaded after import = 2

========================================================================
Received Import Request.
  Time since last request: 0.000033 seconds.
  path: Assets/Particles/Materials/Clouds/cloud_2x2_softshadow.mat
  artifactKey: Guid(99d9ee837f624b148ab1ef0bde5f16a7) Importer(815301076,1909f56bfc062723c751e8b465ee728b)
Start importing Assets/Particles/Materials/Clouds/cloud_2x2_softshadow.mat using Guid(99d9ee837f624b148ab1ef0bde5f16a7) Importer(815301076,1909f56bfc062723c751e8b465ee728b) (PreviewImporter) -> (artifact id: 'aac0dd407e5ce610cf13fcfc7b52c1dd') in 0.0249808 seconds
Number of updated asset objects reloaded before import = 0Number of asset objects unloaded after import = 2

========================================================================
Received Import Request.
  Time since last request: 0.000035 seconds.
  path: Assets/Particles/Materials/Clouds/cloud_2x2_soft.mat
  artifactKey: Guid(719f8d52fe2e6b444b41c2f7a8fe587b) Importer(815301076,1909f56bfc062723c751e8b465ee728b)
Start importing Assets/Particles/Materials/Clouds/cloud_2x2_soft.mat using Guid(719f8d52fe2e6b444b41c2f7a8fe587b) Importer(815301076,1909f56bfc062723c751e8b465ee728b) (PreviewImporter) -> (artifact id: '788416634e3fec77b992d47e2b811ea1') in 0.0219643 seconds
Number of updated asset objects reloaded before import = 0Number of asset objects unloaded after import = 2

========================================================================
Received Import Request.
  Time since last request: 0.000023 seconds.
  path: Assets/Particles/Textures/Text/Materials/flash_white.mat
  artifactKey: Guid(24300fe4ff88006499930929feb8bb2e) Importer(815301076,1909f56bfc062723c751e8b465ee728b)
Start importing Assets/Particles/Textures/Text/Materials/flash_white.mat using Guid(24300fe4ff88006499930929feb8bb2e) Importer(815301076,1909f56bfc062723c751e8b465ee728b) (PreviewImporter) -> (artifact id: 'cf2324ec1c9bcd79b883c724d0993d27') in 0.0268761 seconds
Number of updated asset objects reloaded before import = 0Number of asset objects unloaded after import = 2

========================================================================
Received Import Request.
  Time since last request: 0.119200 seconds.
  path: Assets/Particles/Materials/Glows/glow.mat
  artifactKey: Guid(e653836c30661fe419b8992e230ca189) Importer(815301076,1909f56bfc062723c751e8b465ee728b)
Start importing Assets/Particles/Materials/Glows/glow.mat using Guid(e653836c30661fe419b8992e230ca189) Importer(815301076,1909f56bfc062723c751e8b465ee728b) (PreviewImporter) -> (artifact id: 'd25937aa1f97f87e552a5e718239b802') in 0.0211492 seconds
Number of updated asset objects reloaded before import = 0Number of asset objects unloaded after import = 2

========================================================================
Received Import Request.
  Time since last request: 0.000024 seconds.
  path: Assets/Particles/Materials/Glows/glowALPHABLEND.mat
  artifactKey: Guid(aee7f230a05bc8644854344e7c55f328) Importer(815301076,1909f56bfc062723c751e8b465ee728b)
Start importing Assets/Particles/Materials/Glows/glowALPHABLEND.mat using Guid(aee7f230a05bc8644854344e7c55f328) Importer(815301076,1909f56bfc062723c751e8b465ee728b) (PreviewImporter) -> (artifact id: '66581b5b019690dc9da8eb30368454e9') in 0.0247292 seconds
Number of updated asset objects reloaded before import = 0Number of asset objects unloaded after import = 2

========================================================================
Received Import Request.
  Time since last request: 0.000023 seconds.
  path: Assets/Particles/Materials/Misc/grab1.mat
  artifactKey: Guid(77478f55d3312d54180320d311f35fea) Importer(815301076,1909f56bfc062723c751e8b465ee728b)
Start importing Assets/Particles/Materials/Misc/grab1.mat using Guid(77478f55d3312d54180320d311f35fea) Importer(815301076,1909f56bfc062723c751e8b465ee728b) (PreviewImporter) -> (artifact id: '8f75ff3986504e65a9c457b4df9a3e9c') in 0.0260503 seconds
Number of updated asset objects reloaded before import = 0Number of asset objects unloaded after import = 2

========================================================================
Received Import Request.
  Time since last request: 0.000020 seconds.
  path: Assets/Particles/Materials/Misc/heart.mat
  artifactKey: Guid(db608f6f11761e6409b8ea41aaa6adda) Importer(815301076,1909f56bfc062723c751e8b465ee728b)
Start importing Assets/Particles/Materials/Misc/heart.mat using Guid(db608f6f11761e6409b8ea41aaa6adda) Importer(815301076,1909f56bfc062723c751e8b465ee728b) (PreviewImporter) -> (artifact id: '35b53cc47e64c96160398c991f31dc37') in 0.0272598 seconds
Number of updated asset objects reloaded before import = 0Number of asset objects unloaded after import = 2

========================================================================
Received Import Request.
  Time since last request: 0.000027 seconds.
  path: Assets/Particles/Materials/Emoticons/kiss.mat
  artifactKey: Guid(e54cd343eedf57440bc34a1625a6a552) Importer(815301076,1909f56bfc062723c751e8b465ee728b)
Start importing Assets/Particles/Materials/Emoticons/kiss.mat using Guid(e54cd343eedf57440bc34a1625a6a552) Importer(815301076,1909f56bfc062723c751e8b465ee728b) (PreviewImporter) -> (artifact id: 'cbd09adf73616621a956be125068033c') in 0.0191505 seconds
Number of updated asset objects reloaded before import = 0Number of asset objects unloaded after import = 2

========================================================================
Received Import Request.
  Time since last request: 0.000041 seconds.
  path: Assets/TextMesh Pro/Resources/Fonts & Materials/LiberationSans SDF - Outline.mat
  artifactKey: Guid(79459efec17a4d00a321bdcc27bbc385) Importer(815301076,1909f56bfc062723c751e8b465ee728b)
Start importing Assets/TextMesh Pro/Resources/Fonts & Materials/LiberationSans SDF - Outline.mat using Guid(79459efec17a4d00a321bdcc27bbc385) Importer(815301076,1909f56bfc062723c751e8b465ee728b) (PreviewImporter) -> (artifact id: '13bebcf4dba5b0bc69f243c9fbbd48ab') in 0.0694973 seconds
Number of updated asset objects reloaded before import = 0Number of asset objects unloaded after import = 2

========================================================================
Received Import Request.
  Time since last request: 0.000044 seconds.
  path: Assets/Particles/Materials/Misc/notes.mat
  artifactKey: Guid(01f5ad7710b9d0f4d850262f9f0145ad) Importer(815301076,1909f56bfc062723c751e8b465ee728b)
Start importing Assets/Particles/Materials/Misc/notes.mat using Guid(01f5ad7710b9d0f4d850262f9f0145ad) Importer(815301076,1909f56bfc062723c751e8b465ee728b) (PreviewImporter) -> (artifact id: 'cf84d9ff8202d826a29c4819e84835b1') in 0.0291923 seconds
Number of updated asset objects reloaded before import = 0Number of asset objects unloaded after import = 2

========================================================================
Received Import Request.
  Time since last request: 0.000022 seconds.
  path: Assets/Particles/Materials/Portals/portal_stripes4.mat
  artifactKey: Guid(39486fb106e196144a2ccac41cb23718) Importer(815301076,1909f56bfc062723c751e8b465ee728b)
Start importing Assets/Particles/Materials/Portals/portal_stripes4.mat using Guid(39486fb106e196144a2ccac41cb23718) Importer(815301076,1909f56bfc062723c751e8b465ee728b) (PreviewImporter) -> (artifact id: '34f0e129bd165a5542fa8895caf989bc') in 0.0243619 seconds
Number of updated asset objects reloaded before import = 0Number of asset objects unloaded after import = 2

========================================================================
Received Import Request.
  Time since last request: 0.000035 seconds.
  path: Assets/Particles/Materials/Emoticons/silly.mat
  artifactKey: Guid(5e4e3dc9804f1a142b206023fb4e1e07) Importer(815301076,1909f56bfc062723c751e8b465ee728b)
Start importing Assets/Particles/Materials/Emoticons/silly.mat using Guid(5e4e3dc9804f1a142b206023fb4e1e07) Importer(815301076,1909f56bfc062723c751e8b465ee728b) (PreviewImporter) -> (artifact id: '42be025f548dd4dd096338d64c425593') in 0.0279723 seconds
Number of updated asset objects reloaded before import = 0Number of asset objects unloaded after import = 2

========================================================================
Received Import Request.
  Time since last request: 0.000034 seconds.
  path: Assets/Particles/Materials/Geometric/spiky.mat
  artifactKey: Guid(0d1ddda4d4cb8074785f0e3aece5c9ac) Importer(815301076,1909f56bfc062723c751e8b465ee728b)
Start importing Assets/Particles/Materials/Geometric/spiky.mat using Guid(0d1ddda4d4cb8074785f0e3aece5c9ac) Importer(815301076,1909f56bfc062723c751e8b465ee728b) (PreviewImporter) -> (artifact id: '57d03d68f2345ca3d1e8e041f78641fa') in 0.0252302 seconds
Number of updated asset objects reloaded before import = 0Number of asset objects unloaded after import = 2

========================================================================
Received Import Request.
  Time since last request: 0.000028 seconds.
  path: Assets/Particles/Materials/Emoticons/sick.mat
  artifactKey: Guid(27a664effad0d164b9dc3abd1ad1f122) Importer(815301076,1909f56bfc062723c751e8b465ee728b)
Start importing Assets/Particles/Materials/Emoticons/sick.mat using Guid(27a664effad0d164b9dc3abd1ad1f122) Importer(815301076,1909f56bfc062723c751e8b465ee728b) (PreviewImporter) -> (artifact id: '8b34adbc9af2fd8d85928b8ee339eb0a') in 0.0210306 seconds
Number of updated asset objects reloaded before import = 0Number of asset objects unloaded after import = 2

========================================================================
Received Import Request.
  Time since last request: 0.000049 seconds.
  path: Assets/TextMesh Pro/Shaders/TMP_SDF-HDRP LIT.shadergraph
  artifactKey: Guid(ca2ed216f98028c4dae6c5224a952b3c) Importer(815301076,1909f56bfc062723c751e8b465ee728b)
Start importing Assets/TextMesh Pro/Shaders/TMP_SDF-HDRP LIT.shadergraph using Guid(ca2ed216f98028c4dae6c5224a952b3c) Importer(815301076,1909f56bfc062723c751e8b465ee728b) (PreviewImporter) -> (artifact id: 'b80fa2d0efd18a36869b95ff2b825b3f') in 0.0272394 seconds
Number of updated asset objects reloaded before import = 0Number of asset objects unloaded after import = 2

========================================================================
Received Import Request.
  Time since last request: 0.000033 seconds.
  path: Assets/TextMesh Pro/Shaders/TMP_SDF-HDRP UNLIT.shadergraph
  artifactKey: Guid(f63d574838ccfb44f84acc05fed0af48) Importer(815301076,1909f56bfc062723c751e8b465ee728b)
Start importing Assets/TextMesh Pro/Shaders/TMP_SDF-HDRP UNLIT.shadergraph using Guid(f63d574838ccfb44f84acc05fed0af48) Importer(815301076,1909f56bfc062723c751e8b465ee728b) (PreviewImporter) -> (artifact id: '8cff207047fa84ec7eace46f62cc5700') in 0.0105307 seconds
Number of updated asset objects reloaded before import = 0Number of asset objects unloaded after import = 2

========================================================================
Received Import Request.
  Time since last request: 0.000040 seconds.
  path: Assets/Particles/Materials/Magic/orb.mat
  artifactKey: Guid(072ade2f5404113439ad723bd09909d2) Importer(815301076,1909f56bfc062723c751e8b465ee728b)
Start importing Assets/Particles/Materials/Magic/orb.mat using Guid(072ade2f5404113439ad723bd09909d2) Importer(815301076,1909f56bfc062723c751e8b465ee728b) (PreviewImporter) -> (artifact id: 'f968982947e160d97462f9d10abaf97b') in 0.0458776 seconds
Number of updated asset objects reloaded before import = 0Number of asset objects unloaded after import = 1

========================================================================
Received Import Request.
  Time since last request: 0.000026 seconds.
  path: Assets/Particles/Materials/Magic/magic_orb.mat
  artifactKey: Guid(962588ea14a7d69488f7ce53ab616f2c) Importer(815301076,1909f56bfc062723c751e8b465ee728b)
Start importing Assets/Particles/Materials/Magic/magic_orb.mat using Guid(962588ea14a7d69488f7ce53ab616f2c) Importer(815301076,1909f56bfc062723c751e8b465ee728b) (PreviewImporter) -> (artifact id: '9c56f20ad7a4d8cf6e131e0151da30ac') in 0.0240641 seconds
Number of updated asset objects reloaded before import = 0Number of asset objects unloaded after import = 2

========================================================================
Received Import Request.
  Time since last request: 0.000040 seconds.
  path: Assets/Particles/Textures/Text/Materials/smack.mat
  artifactKey: Guid(a03694b155628b44e94d75e444aa7341) Importer(815301076,1909f56bfc062723c751e8b465ee728b)
Start importing Assets/Particles/Textures/Text/Materials/smack.mat using Guid(a03694b155628b44e94d75e444aa7341) Importer(815301076,1909f56bfc062723c751e8b465ee728b) (PreviewImporter) -> (artifact id: 'f97ca1f8bb8dbad03ea4f424354cf11b') in 0.0255188 seconds
Number of updated asset objects reloaded before import = 0Number of asset objects unloaded after import = 2

========================================================================
Received Import Request.
  Time since last request: 0.000025 seconds.
  path: Assets/Particles/Models/Materials/verticalglow02.mat
  artifactKey: Guid(15c030ebbfebfc641974c461bac67746) Importer(815301076,1909f56bfc062723c751e8b465ee728b)
Start importing Assets/Particles/Models/Materials/verticalglow02.mat using Guid(15c030ebbfebfc641974c461bac67746) Importer(815301076,1909f56bfc062723c751e8b465ee728b) (PreviewImporter) -> (artifact id: '0bf55b275e01424125e4f9e819980159') in 0.0141148 seconds
Number of updated asset objects reloaded before import = 0Number of asset objects unloaded after import = 1

========================================================================
Received Import Request.
  Time since last request: 0.000035 seconds.
  path: Assets/Particles/Materials/Misc/ring (additive).mat
  artifactKey: Guid(35b072e7a7dfe0f429bf5123cfc9a433) Importer(815301076,1909f56bfc062723c751e8b465ee728b)
Start importing Assets/Particles/Materials/Misc/ring (additive).mat using Guid(35b072e7a7dfe0f429bf5123cfc9a433) Importer(815301076,1909f56bfc062723c751e8b465ee728b) (PreviewImporter) -> (artifact id: '154dd1656634bf4d4f126e65deb2a31a') in 0.0275477 seconds
Number of updated asset objects reloaded before import = 0Number of asset objects unloaded after import = 2

========================================================================
Received Import Request.
  Time since last request: 0.000025 seconds.
  path: Assets/Particles/Textures/Text/Materials/pow.mat
  artifactKey: Guid(302d3d9c80c53184396264abfad0da61) Importer(815301076,1909f56bfc062723c751e8b465ee728b)
Start importing Assets/Particles/Textures/Text/Materials/pow.mat using Guid(302d3d9c80c53184396264abfad0da61) Importer(815301076,1909f56bfc062723c751e8b465ee728b) (PreviewImporter) -> (artifact id: '39e9b27b62b80bcf1b9dd13717f0e0e5') in 0.0342367 seconds
Number of updated asset objects reloaded before import = 0Number of asset objects unloaded after import = 2

========================================================================
Received Import Request.
  Time since last request: 0.000026 seconds.
  path: Assets/Particles/Materials/shield/shield_magic2.mat
  artifactKey: Guid(f49bd59ec3f5ce049baaa328623000af) Importer(815301076,1909f56bfc062723c751e8b465ee728b)
Start importing Assets/Particles/Materials/shield/shield_magic2.mat using Guid(f49bd59ec3f5ce049baaa328623000af) Importer(815301076,1909f56bfc062723c751e8b465ee728b) (PreviewImporter) -> (artifact id: '845b4f9dfc92d3cbdc4b7111913fffea') in 0.028722 seconds
Number of updated asset objects reloaded before import = 0Number of asset objects unloaded after import = 2

========================================================================
Received Import Request.
  Time since last request: 0.000032 seconds.
  path: Assets/Particles/Materials/Misc/lightning1.mat
  artifactKey: Guid(d2485172a88e2bc4b87dae8b6b1a8dfc) Importer(815301076,1909f56bfc062723c751e8b465ee728b)
Start importing Assets/Particles/Materials/Misc/lightning1.mat using Guid(d2485172a88e2bc4b87dae8b6b1a8dfc) Importer(815301076,1909f56bfc062723c751e8b465ee728b) (PreviewImporter) -> (artifact id: '424de6cb22b52db7296a1aabfe94327e') in 0.0249191 seconds
Number of updated asset objects reloaded before import = 0Number of asset objects unloaded after import = 2

========================================================================
Received Import Request.
  Time since last request: 0.000026 seconds.
  path: Assets/Particles/Materials/Misc/star_AB.mat
  artifactKey: Guid(d05bd487e32791148ab238ebabb0154b) Importer(815301076,1909f56bfc062723c751e8b465ee728b)
Start importing Assets/Particles/Materials/Misc/star_AB.mat using Guid(d05bd487e32791148ab238ebabb0154b) Importer(815301076,1909f56bfc062723c751e8b465ee728b) (PreviewImporter) -> (artifact id: 'f1d14d63e7e193d4fa9025d71f363396') in 0.0325043 seconds
Number of updated asset objects reloaded before import = 0Number of asset objects unloaded after import = 2

========================================================================
Received Import Request.
  Time since last request: 0.000034 seconds.
  path: Assets/TextMesh Pro/Shaders/TMP_SDF-URP Lit.shadergraph
  artifactKey: Guid(a3d800b099a06e0478fb790c5e79057a) Importer(815301076,1909f56bfc062723c751e8b465ee728b)
Start importing Assets/TextMesh Pro/Shaders/TMP_SDF-URP Lit.shadergraph using Guid(a3d800b099a06e0478fb790c5e79057a) Importer(815301076,1909f56bfc062723c751e8b465ee728b) (PreviewImporter) -> (artifact id: '44d5e481a17db2646148f3cdb3199a1a') in 1.1548864 seconds
Number of updated asset objects reloaded before import = 0Number of asset objects unloaded after import = 3

========================================================================
Received Import Request.
  Time since last request: 0.000047 seconds.
  path: Assets/Particles/Materials/Glows/lightray2.mat
  artifactKey: Guid(d63774db53e2fee4b84a72da1c9f1096) Importer(815301076,1909f56bfc062723c751e8b465ee728b)
Start importing Assets/Particles/Materials/Glows/lightray2.mat using Guid(d63774db53e2fee4b84a72da1c9f1096) Importer(815301076,1909f56bfc062723c751e8b465ee728b) (PreviewImporter) -> (artifact id: '67170bcca38406fd1c80ce977d7f3d14') in 0.0226765 seconds
Number of updated asset objects reloaded before import = 0Number of asset objects unloaded after import = 2

========================================================================
Received Import Request.
  Time since last request: 0.000032 seconds.
  path: Assets/Particles/Materials/Magic/magic_orb2.mat
  artifactKey: Guid(1bafc7aca6a15ce4a92553883cdf5612) Importer(815301076,1909f56bfc062723c751e8b465ee728b)
Start importing Assets/Particles/Materials/Magic/magic_orb2.mat using Guid(1bafc7aca6a15ce4a92553883cdf5612) Importer(815301076,1909f56bfc062723c751e8b465ee728b) (PreviewImporter) -> (artifact id: '416a8285df74407ed8b728c175e235d6') in 0.0224647 seconds
Number of updated asset objects reloaded before import = 0Number of asset objects unloaded after import = 2

========================================================================
Received Import Request.
  Time since last request: 0.000026 seconds.
  path: Assets/TextMesh Pro/Examples & Extras/Resources/Fonts & Materials/LiberationSans SDF - Metalic Green.mat
  artifactKey: Guid(8b29aaa3eec7468097ff07adfcf29ac9) Importer(815301076,1909f56bfc062723c751e8b465ee728b)
Start importing Assets/TextMesh Pro/Examples & Extras/Resources/Fonts & Materials/LiberationSans SDF - Metalic Green.mat using Guid(8b29aaa3eec7468097ff07adfcf29ac9) Importer(815301076,1909f56bfc062723c751e8b465ee728b) (PreviewImporter) -> (artifact id: '9e077a3d42cc3859c746984d49a10fff') in 0.1131275 seconds
Number of updated asset objects reloaded before import = 0Number of asset objects unloaded after import = 4

========================================================================
Received Import Request.
  Time since last request: 0.000025 seconds.
  path: Assets/Particles/Models/Materials/verticalgradient2.mat
  artifactKey: Guid(37c1c20b7475e424ca1a398d209aab2d) Importer(815301076,1909f56bfc062723c751e8b465ee728b)
Start importing Assets/Particles/Models/Materials/verticalgradient2.mat using Guid(37c1c20b7475e424ca1a398d209aab2d) Importer(815301076,1909f56bfc062723c751e8b465ee728b) (PreviewImporter) -> (artifact id: '1d7399ee32e905c012722d19b95e68d4') in 0.008635 seconds
Number of updated asset objects reloaded before import = 0Number of asset objects unloaded after import = 1

Editor requested this worker to shutdown with reason: Scaling down because of idle timeout
AssetImportWorker is now disconnected from the server
Process exiting
Exiting without the bug reporter. Application will terminate with return code 0